29/06/22 12:50:46 PM Wednesday - BaseClass - INFO : Web Page Launched with URL : https://parabank.parasoft.com/parabank/register.htm
29/06/22 12:50:46 PM Wednesday - BaseClass - INFO : WebElement found with locator value username using locatorType name
29/06/22 12:59:34 PM Wednesday - webdriverClass - INFO : Chrome browser is initialised
29/06/22 12:59:39 PM Wednesday - BaseClass - INFO : Web Page Launched with URL : https://parabank.parasoft.com/parabank/register.htm
29/06/22 12:59:39 PM Wednesday - BaseClass - INFO : Clicked on WebElement with locator value username using locatorType name
29/06/22 01:30:35 PM Wednesday - webdriverClass - INFO : Chrome browser is initialised
29/06/22 01:30:38 PM Wednesday - BaseClass - INFO : Web Page Launched with URL : https://parabank.parasoft.com/parabank/register.htm
29/06/22 01:30:38 PM Wednesday - BaseClass - INFO : Clicked on WebElement with locator value username using locatorType name
29/06/22 01:30:39 PM Wednesday - BaseClass - INFO : Clicked on WebElement with locator value password using locatorType name
29/06/22 01:30:51 PM Wednesday - webdriverClass - INFO : Chrome browser is initialised
29/06/22 01:30:54 PM Wednesday - BaseClass - INFO : Web Page Launched with URL : https://parabank.parasoft.com/parabank/register.htm
29/06/22 01:30:54 PM Wednesday - BaseClass - INFO : Clicked on WebElement with locator value username using locatorType name
29/06/22 01:30:54 PM Wednesday - BaseClass - INFO : Clicked on WebElement with locator value password using locatorType name
29/06/22 01:32:02 PM Wednesday - webdriverClass - INFO : Chrome browser is initialised
29/06/22 01:32:05 PM Wednesday - BaseClass - INFO : Web Page Launched with URL : https://parabank.parasoft.com/parabank/register.htm
29/06/22 01:32:05 PM Wednesday - BaseClass - INFO : Clicked on WebElement with locator value username using locatorType name
29/06/22 01:32:05 PM Wednesday - BaseClass - INFO : Clicked on WebElement with locator value password using locatorType name
29/06/22 01:32:05 PM Wednesday - BaseClass - ERROR : Locator Type : button entered is not found
29/06/22 01:32:05 PM Wednesday - BaseClass - ERROR : Unable to click webelement with locator value class using locatorType button
29/06/22 01:32:59 PM Wednesday - webdriverClass - INFO : Chrome browser is initialised
29/06/22 01:33:03 PM Wednesday - BaseClass - INFO : Web Page Launched with URL : https://parabank.parasoft.com/parabank/register.htm
29/06/22 01:33:03 PM Wednesday - BaseClass - INFO : Clicked on WebElement with locator value username using locatorType name
29/06/22 01:33:03 PM Wednesday - BaseClass - INFO : Clicked on WebElement with locator value password using locatorType name
29/06/22 01:33:05 PM Wednesday - BaseClass - INFO : Clicked on WebElement with locator value button using locatorType class name
29/06/22 01:56:57 PM Wednesday - webdriverClass - INFO : Chrome browser is initialised
29/06/22 01:56:58 PM Wednesday - BaseClass - INFO : Web Page Launched with URL : https://www.saucedemo.com/
29/06/22 01:56:58 PM Wednesday - BaseClass - INFO : Clicked on WebElement with locator value user-name using locatorType name
29/06/22 01:56:58 PM Wednesday - BaseClass - INFO : Clicked on WebElement with locator value password using locatorType name
29/06/22 01:56:58 PM Wednesday - BaseClass - ERROR : Unable to click webelement with locator value submit-button btn_action using locatorType class
29/06/22 02:04:47 PM Wednesday - webdriverClass - INFO : Chrome browser is initialised
29/06/22 02:04:48 PM Wednesday - BaseClass - INFO : Web Page Launched with URL : https://www.saucedemo.com/
29/06/22 02:04:48 PM Wednesday - BaseClass - ERROR : Locator Type : user-name entered is not found
29/06/22 02:04:48 PM Wednesday - BaseClass - ERROR : WebElement not found with locator value name using locatorType user-name
29/06/22 02:04:48 PM Wednesday - BaseClass - ERROR : Unable to click webelement with locator value user-name using locatorType name
29/06/22 02:04:48 PM Wednesday - BaseClass - ERROR : Locator Type : password entered is not found
29/06/22 02:04:48 PM Wednesday - BaseClass - ERROR : WebElement not found with locator value name using locatorType password
29/06/22 02:04:48 PM Wednesday - BaseClass - ERROR : Unable to click webelement with locator value password using locatorType name
29/06/22 02:04:48 PM Wednesday - BaseClass - ERROR : Locator Type : submit-button btn_action entered is not found
29/06/22 02:04:48 PM Wednesday - BaseClass - ERROR : WebElement not found with locator value class using locatorType submit-button btn_action
29/06/22 02:04:48 PM Wednesday - BaseClass - ERROR : Unable to click webelement with locator value submit-button btn_action using locatorType class
29/06/22 02:09:58 PM Wednesday - webdriverClass - INFO : Chrome browser is initialised
29/06/22 02:09:59 PM Wednesday - BaseClass - INFO : Web Page Launched with URL : https://www.saucedemo.com/
29/06/22 02:09:59 PM Wednesday - BaseClass - ERROR : Locator Type : user-name entered is not found
29/06/22 02:09:59 PM Wednesday - BaseClass - ERROR : WebElement not found with locator value name using locatorType user-name
29/06/22 02:09:59 PM Wednesday - BaseClass - ERROR : Unable to send the textstandard_userin webelement with locator valueuser-nameusing locatortypeuser-name
29/06/22 02:09:59 PM Wednesday - BaseClass - ERROR : Locator Type : password entered is not found
29/06/22 02:09:59 PM Wednesday - BaseClass - ERROR : WebElement not found with locator value name using locatorType password
29/06/22 02:09:59 PM Wednesday - BaseClass - ERROR : Unable to send the textsecret_saucein webelement with locator valuepasswordusing locatortypepassword
29/06/22 02:09:59 PM Wednesday - BaseClass - ERROR : Locator Type : submit-button btn_action entered is not found
29/06/22 02:09:59 PM Wednesday - BaseClass - ERROR : WebElement not found with locator value class using locatorType submit-button btn_action
29/06/22 02:09:59 PM Wednesday - BaseClass - ERROR : Unable to click webelement with locator value submit-button btn_action using locatorType class
29/06/22 02:11:13 PM Wednesday - webdriverClass - INFO : Chrome browser is initialised
29/06/22 02:11:14 PM Wednesday - BaseClass - INFO : Web Page Launched with URL : https://www.saucedemo.com/
29/06/22 02:11:14 PM Wednesday - BaseClass - INFO : WebElement found with locator value user-name using locatorType name
29/06/22 02:11:14 PM Wednesday - BaseClass - INFO : Sent the text locator valuestandard_userin webelement wth locator value user-nameusing locatorTypename
29/06/22 02:11:14 PM Wednesday - BaseClass - INFO : WebElement found with locator value password using locatorType name
29/06/22 02:11:14 PM Wednesday - BaseClass - INFO : Sent the text locator valuesecret_saucein webelement wth locator value passwordusing locatorTypename
29/06/22 02:11:40 PM Wednesday - BaseClass - ERROR : WebElement not found with locator value submit-button btn_action using locatorType class
29/06/22 02:11:40 PM Wednesday - BaseClass - ERROR : Unable to click webelement with locator value submit-button btn_action using locatorType class
29/06/22 02:13:30 PM Wednesday - webdriverClass - INFO : Chrome browser is initialised
29/06/22 02:13:30 PM Wednesday - BaseClass - INFO : Web Page Launched with URL : https://www.saucedemo.com/
29/06/22 02:13:30 PM Wednesday - BaseClass - INFO : WebElement found with locator value user-name using locatorType name
29/06/22 02:13:30 PM Wednesday - BaseClass - INFO : Sent the text locator valuestandard_userin webelement wth locator value user-nameusing locatorTypename
29/06/22 02:13:30 PM Wednesday - BaseClass - INFO : WebElement found with locator value password using locatorType name
29/06/22 02:13:31 PM Wednesday - BaseClass - INFO : Sent the text locator valuesecret_saucein webelement wth locator value passwordusing locatorTypename
29/06/22 02:13:31 PM Wednesday - BaseClass - INFO : WebElement found with locator value login-button using locatorType name
29/06/22 02:13:31 PM Wednesday - BaseClass - INFO : Clicked on WebElement with locator value login-button using locatorType name
29/06/22 02:22:30 PM Wednesday - webdriverClass - INFO : Chrome browser is initialised
29/06/22 02:22:31 PM Wednesday - BaseClass - INFO : Web Page Launched with URL : https://www.saucedemo.com/
29/06/22 02:22:31 PM Wednesday - BaseClass - INFO : WebElement found with locator value user-name using locatorType name
29/06/22 02:22:31 PM Wednesday - BaseClass - INFO : Sent the text locator valuestandard_userin webelement wth locator value user-nameusing locatorTypename
29/06/22 02:22:57 PM Wednesday - BaseClass - ERROR : WebElement not found with locator value passwor using locatorType name
29/06/22 02:22:57 PM Wednesday - BaseClass - ERROR : Unable to send the textsecret_saucein webelement with locator valuepassworusing locatortypepasswor
29/06/22 02:22:57 PM Wednesday - BaseClass - INFO : WebElement found with locator value login-button using locatorType name
29/06/22 02:22:57 PM Wednesday - BaseClass - INFO : Clicked on WebElement with locator value login-button using locatorType name
29/06/22 02:31:29 PM Wednesday - webdriverClass - INFO : Chrome browser is initialised
29/06/22 02:31:31 PM Wednesday - BaseClass - INFO : Web Page Launched with URL : https://www.saucedemo.com/
29/06/22 02:31:31 PM Wednesday - BaseClass - INFO : WebElement found with locator value user-name using locatorType name
29/06/22 02:33:21 PM Wednesday - webdriverClass - INFO : Chrome browser is initialised
29/06/22 02:33:21 PM Wednesday - BaseClass - INFO : Web Page Launched with URL : https://www.saucedemo.com/
29/06/22 02:33:21 PM Wednesday - BaseClass - INFO : WebElement found with locator value user-name using locatorType name
29/06/22 02:35:17 PM Wednesday - webdriverClass - INFO : Chrome browser is initialised
29/06/22 02:35:18 PM Wednesday - BaseClass - INFO : Web Page Launched with URL : https://www.saucedemo.com/
29/06/22 02:35:18 PM Wednesday - BaseClass - INFO : WebElement found with locator value user-name using locatorType name
29/06/22 02:35:18 PM Wednesday - BaseClass - INFO : Element is displayed in webelement wth locator value user-nameusing locatorTypename
29/06/22 02:35:18 PM Wednesday - BaseClass - INFO : WebElement found with locator value user-name using locatorType name
29/06/22 02:35:18 PM Wednesday - BaseClass - INFO : Sent the text locator valuestandard_userin webelement wth locator value user-nameusing locatorTypename
29/06/22 02:35:18 PM Wednesday - BaseClass - INFO : WebElement found with locator value password using locatorType name
29/06/22 02:35:18 PM Wednesday - BaseClass - INFO : Sent the text locator valuesecret_saucein webelement wth locator value passwordusing locatorTypename
29/06/22 02:35:18 PM Wednesday - BaseClass - INFO : WebElement found with locator value login-button using locatorType name
29/06/22 02:35:18 PM Wednesday - BaseClass - INFO : Clicked on WebElement with locator value login-button using locatorType name
29/06/22 02:38:34 PM Wednesday - webdriverClass - INFO : Chrome browser is initialised
29/06/22 02:38:35 PM Wednesday - BaseClass - INFO : Web Page Launched with URL : https://www.saucedemo.com/
29/06/22 02:38:35 PM Wednesday - BaseClass - INFO : WebElement found with locator value user-name using locatorType name
29/06/22 02:38:35 PM Wednesday - BaseClass - INFO : Webelement is displayed on web page with locator value user-nameusing locatorTypename
29/06/22 02:38:35 PM Wednesday - BaseClass - INFO : WebElement found with locator value user-name using locatorType name
29/06/22 02:38:35 PM Wednesday - BaseClass - INFO : Sent the text locator valuestandard_userin webelement wth locator value user-nameusing locatorTypename
29/06/22 02:38:35 PM Wednesday - BaseClass - INFO : WebElement found with locator value password using locatorType name
29/06/22 02:38:35 PM Wednesday - BaseClass - INFO : Sent the text locator valuesecret_saucein webelement wth locator value passwordusing locatorTypename
29/06/22 02:38:35 PM Wednesday - BaseClass - INFO : WebElement found with locator value login-button using locatorType name
29/06/22 02:38:35 PM Wednesday - BaseClass - INFO : Clicked on WebElement with locator value login-button using locatorType name
29/06/22 02:39:58 PM Wednesday - webdriverClass - INFO : Chrome browser is initialised
29/06/22 02:39:59 PM Wednesday - BaseClass - INFO : Web Page Launched with URL : https://www.saucedemo.com/
29/06/22 02:39:59 PM Wednesday - BaseClass - INFO : WebElement found with locator value user-name using locatorType name
29/06/22 02:39:59 PM Wednesday - BaseClass - INFO : Webelement is displayed on web page with locator value user-nameusing locatorTypename
29/06/22 02:39:59 PM Wednesday - BaseClass - INFO : WebElement found with locator value user-name using locatorType name
29/06/22 02:39:59 PM Wednesday - BaseClass - INFO : Sent the text locator valuestandard_userin webelement wth locator value user-nameusing locatorTypename
29/06/22 02:39:59 PM Wednesday - BaseClass - INFO : WebElement found with locator value password using locatorType name
29/06/22 02:39:59 PM Wednesday - BaseClass - INFO : Sent the text locator valuesecret_saucein webelement wth locator value passwordusing locatorTypename
29/06/22 02:39:59 PM Wednesday - BaseClass - INFO : WebElement found with locator value login-button using locatorType name
29/06/22 02:39:59 PM Wednesday - BaseClass - INFO : Clicked on WebElement with locator value login-button using locatorType name
29/06/22 03:00:41 PM Wednesday - webdriverClass - INFO : Chrome browser is initialised
29/06/22 03:00:43 PM Wednesday - BaseClass - INFO : Web Page Launched with URL : https://www.saucedemo.com/
29/06/22 03:00:43 PM Wednesday - BaseClass - INFO : WebElement found with locator value user-name using locatorType name
29/06/22 03:00:43 PM Wednesday - BaseClass - INFO : Webelement is displayed on web page with locator value user-nameusing locatorTypename
29/06/22 03:00:43 PM Wednesday - BaseClass - INFO : WebElement found with locator value user-name using locatorType name
29/06/22 03:00:43 PM Wednesday - BaseClass - INFO : Sent the text locator valuestandard_userin webelement wth locator value user-nameusing locatorTypename
29/06/22 03:00:43 PM Wednesday - BaseClass - INFO : WebElement found with locator value password using locatorType name
29/06/22 03:00:43 PM Wednesday - BaseClass - INFO : Sent the text locator valuesecret_saucein webelement wth locator value passwordusing locatorTypename
29/06/22 03:00:43 PM Wednesday - BaseClass - INFO : WebElement found with locator value login-button using locatorType name
29/06/22 03:00:43 PM Wednesday - BaseClass - INFO : Clicked on WebElement with locator value login-button using locatorType name
29/06/22 03:04:01 PM Wednesday - webdriverClass - INFO : Chrome browser is initialised
29/06/22 03:04:02 PM Wednesday - BaseClass - INFO : Web Page Launched with URL : https://www.saucedemo.com/
29/06/22 03:04:02 PM Wednesday - BaseClass - INFO : WebElement found with locator value user-name using locatorType name
29/06/22 03:04:02 PM Wednesday - BaseClass - INFO : Webelement is displayed on web page with locator value user-nameusing locatorTypename
29/06/22 03:04:02 PM Wednesday - BaseClass - INFO : WebElement found with locator value user-name using locatorType name
29/06/22 03:04:02 PM Wednesday - BaseClass - INFO : Sent the text locator valuestandard_userin webelement wth locator value user-nameusing locatorTypename
29/06/22 03:04:02 PM Wednesday - BaseClass - INFO : WebElement found with locator value password using locatorType name
29/06/22 03:04:02 PM Wednesday - BaseClass - INFO : Sent the text locator valuesecret_saucein webelement wth locator value passwordusing locatorTypename
29/06/22 03:04:02 PM Wednesday - BaseClass - INFO : WebElement found with locator value login-button using locatorType name
29/06/22 03:04:02 PM Wednesday - BaseClass - INFO : Clicked on WebElement with locator value login-button using locatorType name
29/06/22 03:04:39 PM Wednesday - webdriverClass - INFO : Chrome browser is initialised
29/06/22 03:04:40 PM Wednesday - BaseClass - INFO : Web Page Launched with URL : https://www.saucedemo.com/
29/06/22 03:04:40 PM Wednesday - BaseClass - INFO : WebElement found with locator value user-name using locatorType name
29/06/22 03:04:40 PM Wednesday - BaseClass - INFO : Webelement is displayed on web page with locator value user-nameusing locatorTypename
29/06/22 03:04:40 PM Wednesday - BaseClass - INFO : WebElement found with locator value user-name using locatorType name
29/06/22 03:04:40 PM Wednesday - BaseClass - INFO : Sent the text locator valuestandard_userin webelement wth locator value user-nameusing locatorTypename
29/06/22 03:04:40 PM Wednesday - BaseClass - INFO : WebElement found with locator value password using locatorType name
29/06/22 03:04:40 PM Wednesday - BaseClass - INFO : Sent the text locator valuesecret_saucein webelement wth locator value passwordusing locatorTypename
29/06/22 03:04:40 PM Wednesday - BaseClass - INFO : WebElement found with locator value login-button using locatorType name
29/06/22 03:04:40 PM Wednesday - BaseClass - INFO : Clicked on WebElement with locator value login-button using locatorType name
29/06/22 03:06:49 PM Wednesday - webdriverClass - INFO : Chrome browser is initialised
29/06/22 03:06:49 PM Wednesday - BaseClass - INFO : Web Page Launched with URL : https://www.saucedemo.com/
29/06/22 03:06:49 PM Wednesday - BaseClass - ERROR : WebElement not found with locator value user-name using locatorType name
29/06/22 03:06:49 PM Wednesday - BaseClass - ERROR : Webelement is not displayed on web page with locator valueuser-nameusing locatortypename
29/06/22 03:06:49 PM Wednesday - BaseClass - ERROR : WebElement not found with locator value user-name using locatorType name
29/06/22 03:06:49 PM Wednesday - BaseClass - ERROR : Unable to send the textstandard_userin webelement with locator valueuser-nameusing locatortypename
29/06/22 03:06:49 PM Wednesday - BaseClass - ERROR : WebElement not found with locator value password using locatorType name
29/06/22 03:06:49 PM Wednesday - BaseClass - ERROR : Unable to send the textsecret_saucein webelement with locator valuepasswordusing locatortypename
29/06/22 03:06:49 PM Wednesday - BaseClass - ERROR : WebElement not found with locator value login-button using locatorType name
29/06/22 03:06:49 PM Wednesday - BaseClass - ERROR : Unable to click webelement with locator value login-button using locatorType name
29/06/22 03:10:40 PM Wednesday - webdriverClass - INFO : Chrome browser is initialised
29/06/22 03:10:40 PM Wednesday - BaseClass - INFO : Web Page Launched with URL : https://www.saucedemo.com/
29/06/22 03:10:40 PM Wednesday - BaseClass - ERROR : WebElement not found with locator value user-name using locatorType name
29/06/22 03:10:40 PM Wednesday - BaseClass - ERROR : Webelement is not displayed on web page with locator valueuser-nameusing locatortypename
29/06/22 03:10:40 PM Wednesday - BaseClass - ERROR : WebElement not found with locator value user-name using locatorType name
29/06/22 03:10:40 PM Wednesday - BaseClass - ERROR : Unable to send the textstandard_userin webelement with locator valueuser-nameusing locatortypename
29/06/22 03:10:40 PM Wednesday - BaseClass - ERROR : WebElement not found with locator value password using locatorType name
29/06/22 03:10:40 PM Wednesday - BaseClass - ERROR : Unable to send the textsecret_saucein webelement with locator valuepasswordusing locatortypename
29/06/22 03:10:40 PM Wednesday - BaseClass - ERROR : WebElement not found with locator value login-button using locatorType name
29/06/22 03:10:40 PM Wednesday - BaseClass - ERROR : Unable to click webelement with locator value login-button using locatorType name
29/06/22 03:12:56 PM Wednesday - webdriverClass - INFO : Chrome browser is initialised
29/06/22 03:12:58 PM Wednesday - BaseClass - INFO : Web Page Launched with URL : https://www.saucedemo.com/
29/06/22 03:12:58 PM Wednesday - BaseClass - ERROR : WebElement not found with locator value user-name using locatorType id
29/06/22 03:12:58 PM Wednesday - BaseClass - ERROR : Webelement is not displayed on web page with locator valueuser-nameusing locatortypeid
29/06/22 03:12:58 PM Wednesday - BaseClass - ERROR : WebElement not found with locator value user-name using locatorType id
29/06/22 03:12:58 PM Wednesday - BaseClass - ERROR : Unable to send the textstandard_userin webelement with locator valueuser-nameusing locatortypeid
29/06/22 03:12:58 PM Wednesday - BaseClass - ERROR : WebElement not found with locator value password using locatorType id
29/06/22 03:12:58 PM Wednesday - BaseClass - ERROR : Unable to send the textsecret_saucein webelement with locator valuepasswordusing locatortypeid
29/06/22 03:12:58 PM Wednesday - BaseClass - ERROR : WebElement not found with locator value login-button using locatorType id
29/06/22 03:12:58 PM Wednesday - BaseClass - ERROR : Unable to click webelement with locator value login-button using locatorType id
29/06/22 03:13:51 PM Wednesday - webdriverClass - INFO : Chrome browser is initialised
29/06/22 03:13:51 PM Wednesday - BaseClass - INFO : Web Page Launched with URL : https://www.saucedemo.com/
29/06/22 03:13:51 PM Wednesday - BaseClass - ERROR : WebElement not found with locator value id using locatorType id
29/06/22 03:13:51 PM Wednesday - BaseClass - ERROR : WebElement not found with locator value user-name using locatorType id
29/06/22 03:13:51 PM Wednesday - BaseClass - ERROR : Webelement is not displayed on web page with locator valueuser-nameusing locatortypeid
29/06/22 03:13:51 PM Wednesday - BaseClass - ERROR : WebElement not found with locator value id using locatorType id
29/06/22 03:13:51 PM Wednesday - BaseClass - ERROR : WebElement not found with locator value user-name using locatorType id
29/06/22 03:13:51 PM Wednesday - BaseClass - ERROR : Unable to send the textstandard_userin webelement with locator valueuser-nameusing locatortypeid
29/06/22 03:13:51 PM Wednesday - BaseClass - ERROR : WebElement not found with locator value id using locatorType id
29/06/22 03:13:51 PM Wednesday - BaseClass - ERROR : WebElement not found with locator value password using locatorType id
29/06/22 03:13:51 PM Wednesday - BaseClass - ERROR : Unable to send the textsecret_saucein webelement with locator valuepasswordusing locatortypeid
29/06/22 03:13:51 PM Wednesday - BaseClass - ERROR : WebElement not found with locator value id using locatorType id
29/06/22 03:13:51 PM Wednesday - BaseClass - ERROR : WebElement not found with locator value login-button using locatorType id
29/06/22 03:13:51 PM Wednesday - BaseClass - ERROR : Unable to click webelement with locator value login-button using locatorType id
29/06/22 03:17:44 PM Wednesday - webdriverClass - INFO : Chrome browser is initialised
29/06/22 03:17:45 PM Wednesday - BaseClass - INFO : Web Page Launched with URL : https://www.saucedemo.com/
29/06/22 03:17:45 PM Wednesday - BaseClass - INFO : WebElement found with locator value user-name using locatorType id
29/06/22 03:17:45 PM Wednesday - BaseClass - INFO : WebElement is Displayed on web page with locator value user-name using locatorType id
29/06/22 03:17:45 PM Wednesday - BaseClass - INFO : WebElement found with locator value user-name using locatorType id
29/06/22 03:17:45 PM Wednesday - BaseClass - INFO : Sent the text standard_user in WebElement with locator value user-name using locatorType id
29/06/22 03:17:45 PM Wednesday - BaseClass - INFO : WebElement found with locator value password using locatorType id
29/06/22 03:17:45 PM Wednesday - BaseClass - INFO : Sent the text secret_sauce in WebElement with locator value password using locatorType id
29/06/22 03:17:45 PM Wednesday - BaseClass - INFO : WebElement found with locator value login-button using locatorType id
29/06/22 03:17:45 PM Wednesday - BaseClass - INFO : Clicked on WebElement with locator value login-button using locatorType id
